<?xml version="1.0" encoding="UTF-8"?>
<!-- Generated by org.testng.reporters.JUnitReportReporter -->
<testsuite hostname="Asusr542uq-LB08105" failures="0" tests="2" name="scripts.HomePage_Testcase" time="1.098" errors="0" timestamp="2024-06-08T17:02:09 IST" skipped="0">
  <testcase classname="scripts.HomePage_Testcase" name="applicationLogin" time="0.616"/>
  <testcase classname="scripts.HomePage_Testcase" name="homepage" time="0.482"/>
</testsuite> <!-- scripts.HomePage_Testcase -->
